<?xml version="1.0" encoding="UTF-8"?>
<testsuite name="org.fisco.bcos.server.ProxyServerTest" tests="1" skipped="1" failures="0" errors="0" timestamp="2019-06-20T05:45:25" hostname="pc-HP-EliteOne-800-G2-23-in-Non-Touch-AiO" time="0.0">
  <properties/>
  <testcase name="proxyServerTest" classname="org.fisco.bcos.server.ProxyServerTest" time="0.0">
    <skipped/>
  </testcase>
  <system-out><![CDATA[2019-06-20 13:45:25,350 [Test worker] INFO  [o.s.b.t.context.SpringBootTestContextBootstrapper] AbstractTestContextBootstrapper.java:308 - Neither @ContextConfiguration nor @ContextHierarchy found for test class [org.fisco.bcos.server.ProxyServerTest], using SpringBootContextLoader
2019-06-20 13:45:25,352 [Test worker] INFO  [o.s.test.context.support.AbstractContextLoader] AbstractContextLoader.java:264 - Could not detect default resource locations for test class [org.fisco.bcos.server.ProxyServerTest]: no resource found for suffixes {-context.xml, Context.groovy}.
2019-06-20 13:45:25,363 [Test worker] INFO  [o.s.b.t.context.SpringBootTestContextBootstrapper] AbstractTestContextBootstrapper.java:248 - Loaded default TestExecutionListener class names from location [META-INF/spring.factories]: [org.springframework.boot.test.autoconfigure.restdocs.RestDocsTestExecutionListener, org.springframework.boot.test.autoconfigure.web.client.MockRestServiceServerResetTestExecutionListener, org.springframework.boot.test.autoconfigure.web.servlet.MockMvcPrintOnlyOnFailureTestExecutionListener, org.springframework.boot.test.autoconfigure.web.servlet.WebDriverTestExecutionListener, org.springframework.boot.test.mock.mockito.MockitoTestExecutionListener, org.springframework.boot.test.mock.mockito.ResetMocksTestExecutionListener, org.springframework.test.context.web.ServletTestExecutionListener, org.springframework.test.context.support.DirtiesContextBeforeModesTestExecutionListener, org.springframework.test.context.support.DependencyInjectionTestExecutionListener, org.springframework.test.context.support.DirtiesContextTestExecutionListener, org.springframework.test.context.transaction.TransactionalTestExecutionListener, org.springframework.test.context.jdbc.SqlScriptsTestExecutionListener]
2019-06-20 13:45:25,365 [Test worker] INFO  [o.s.b.t.context.SpringBootTestContextBootstrapper] AbstractTestContextBootstrapper.java:177 - Using TestExecutionListeners: [org.springframework.test.context.support.DirtiesContextBeforeModesTestExecutionListener@52380208, org.springframework.boot.test.mock.mockito.MockitoTestExecutionListener@33e9f7e, org.springframework.boot.test.autoconfigure.SpringBootDependencyInjectionTestExecutionListener@4e16da35, org.springframework.test.context.support.DirtiesContextTestExecutionListener@468e7057, org.springframework.test.context.transaction.TransactionalTestExecutionListener@543412cc, org.springframework.test.context.jdbc.SqlScriptsTestExecutionListener@2386a25b, org.springframework.boot.test.autoconfigure.restdocs.RestDocsTestExecutionListener@5bb9036c, org.springframework.boot.test.autoconfigure.web.client.MockRestServiceServerResetTestExecutionListener@6e80cc84, org.springframework.boot.test.autoconfigure.web.servlet.MockMvcPrintOnlyOnFailureTestExecutionListener@1a5611ea, org.springframework.boot.test.autoconfigure.web.servlet.WebDriverTestExecutionListener@c54fc81, org.springframework.boot.test.mock.mockito.ResetMocksTestExecutionListener@1f652c04]
]]></system-out>
  <system-err><![CDATA[]]></system-err>
</testsuite>
