<?xml version="1.0" encoding="UTF-8"?>
<testsuite name="org.fisco.bcos.server.Channel2Server" tests="1" skipped="0" failures="0" errors="0" timestamp="2019-06-20T05:45:25" hostname="pc-HP-EliteOne-800-G2-23-in-Non-Touch-AiO" time="3.005">
  <properties/>
  <testcase name="channel2ServerTest" classname="org.fisco.bcos.server.Channel2Server" time="3.005"/>
  <system-out><![CDATA[2019-06-20 13:45:25,369 [Test worker] INFO  [o.s.b.t.context.SpringBootTestContextBootstrapper] AbstractTestContextBootstrapper.java:308 - Neither @ContextConfiguration nor @ContextHierarchy found for test class [org.fisco.bcos.server.Channel2Server], using SpringBootContextLoader
2019-06-20 13:45:25,371 [Test worker] INFO  [o.s.test.context.support.AbstractContextLoader] AbstractContextLoader.java:264 - Could not detect default resource locations for test class [org.fisco.bcos.server.Channel2Server]: no resource found for suffixes {-context.xml, Context.groovy}.
2019-06-20 13:45:25,375 [Test worker] INFO  [o.s.b.t.context.SpringBootTestContextBootstrapper] AbstractTestContextBootstrapper.java:248 - Loaded default TestExecutionListener class names from location [META-INF/spring.factories]: [org.springframework.boot.test.autoconfigure.restdocs.RestDocsTestExecutionListener, org.springframework.boot.test.autoconfigure.web.client.MockRestServiceServerResetTestExecutionListener, org.springframework.boot.test.autoconfigure.web.servlet.MockMvcPrintOnlyOnFailureTestExecutionListener, org.springframework.boot.test.autoconfigure.web.servlet.WebDriverTestExecutionListener, org.springframework.boot.test.mock.mockito.MockitoTestExecutionListener, org.springframework.boot.test.mock.mockito.ResetMocksTestExecutionListener, org.springframework.test.context.web.ServletTestExecutionListener, org.springframework.test.context.support.DirtiesContextBeforeModesTestExecutionListener, org.springframework.test.context.support.DependencyInjectionTestExecutionListener, org.springframework.test.context.support.DirtiesContextTestExecutionListener, org.springframework.test.context.transaction.TransactionalTestExecutionListener, org.springframework.test.context.jdbc.SqlScriptsTestExecutionListener]
2019-06-20 13:45:25,376 [Test worker] INFO  [o.s.b.t.context.SpringBootTestContextBootstrapper] AbstractTestContextBootstrapper.java:177 - Using TestExecutionListeners: [org.springframework.test.context.support.DirtiesContextBeforeModesTestExecutionListener@7ed91379, org.springframework.boot.test.mock.mockito.MockitoTestExecutionListener@76c51975, org.springframework.boot.test.autoconfigure.SpringBootDependencyInjectionTestExecutionListener@f4d18d3, org.springframework.test.context.support.DirtiesContextTestExecutionListener@58e6dcdb, org.springframework.test.context.transaction.TransactionalTestExecutionListener@6e924e65, org.springframework.test.context.jdbc.SqlScriptsTestExecutionListener@3042fc73, org.springframework.boot.test.autoconfigure.restdocs.RestDocsTestExecutionListener@57aee128, org.springframework.boot.test.autoconfigure.web.client.MockRestServiceServerResetTestExecutionListener@39c0ff02, org.springframework.boot.test.autoconfigure.web.servlet.MockMvcPrintOnlyOnFailureTestExecutionListener@45dd6f39, org.springframework.boot.test.autoconfigure.web.servlet.WebDriverTestExecutionListener@62dba295, org.springframework.boot.test.mock.mockito.ResetMocksTestExecutionListener@42dcb847]
3s...
2s...
1s...
start test
===================================================================
]]></system-out>
  <system-err><![CDATA[]]></system-err>
</testsuite>
