<?xml version="1.0" encoding="UTF-8"?>
<testsuite name="org.fisco.bcos.Web3jApiTest" tests="1" skipped="0" failures="0" errors="0" timestamp="2019-06-20T05:45:30" hostname="pc-HP-EliteOne-800-G2-23-in-Non-Touch-AiO" time="0.004">
  <properties/>
  <testcase name="getBlockNumber" classname="org.fisco.bcos.Web3jApiTest" time="0.004"/>
  <system-out><![CDATA[2019-06-20 13:45:30,518 [Test worker] INFO  [o.s.b.t.context.SpringBootTestContextBootstrapper] AbstractTestContextBootstrapper.java:308 - Neither @ContextConfiguration nor @ContextHierarchy found for test class [org.fisco.bcos.Web3jApiTest], using SpringBootContextLoader
2019-06-20 13:45:30,519 [Test worker] INFO  [o.s.test.context.support.AbstractContextLoader] AbstractContextLoader.java:264 - Could not detect default resource locations for test class [org.fisco.bcos.Web3jApiTest]: no resource found for suffixes {-context.xml, Context.groovy}.
2019-06-20 13:45:30,522 [Test worker] INFO  [o.s.b.t.context.SpringBootTestContextBootstrapper] AbstractTestContextBootstrapper.java:248 - Loaded default TestExecutionListener class names from location [META-INF/spring.factories]: [org.springframework.boot.test.autoconfigure.restdocs.RestDocsTestExecutionListener, org.springframework.boot.test.autoconfigure.web.client.MockRestServiceServerResetTestExecutionListener, org.springframework.boot.test.autoconfigure.web.servlet.MockMvcPrintOnlyOnFailureTestExecutionListener, org.springframework.boot.test.autoconfigure.web.servlet.WebDriverTestExecutionListener, org.springframework.boot.test.mock.mockito.MockitoTestExecutionListener, org.springframework.boot.test.mock.mockito.ResetMocksTestExecutionListener, org.springframework.test.context.web.ServletTestExecutionListener, org.springframework.test.context.support.DirtiesContextBeforeModesTestExecutionListener, org.springframework.test.context.support.DependencyInjectionTestExecutionListener, org.springframework.test.context.support.DirtiesContextTestExecutionListener, org.springframework.test.context.transaction.TransactionalTestExecutionListener, org.springframework.test.context.jdbc.SqlScriptsTestExecutionListener]
2019-06-20 13:45:30,522 [Test worker] INFO  [o.s.b.t.context.SpringBootTestContextBootstrapper] AbstractTestContextBootstrapper.java:177 - Using TestExecutionListeners: [org.springframework.test.context.support.DirtiesContextBeforeModesTestExecutionListener@23980d80, org.springframework.boot.test.mock.mockito.MockitoTestExecutionListener@360b9ddc, org.springframework.boot.test.autoconfigure.SpringBootDependencyInjectionTestExecutionListener@7e2182f2, org.springframework.test.context.support.DirtiesContextTestExecutionListener@37472f62, org.springframework.test.context.transaction.TransactionalTestExecutionListener@5450c007, org.springframework.test.context.jdbc.SqlScriptsTestExecutionListener@3edf522c, org.springframework.boot.test.autoconfigure.restdocs.RestDocsTestExecutionListener@4c1b7117, org.springframework.boot.test.autoconfigure.web.client.MockRestServiceServerResetTestExecutionListener@42a96bc9, org.springframework.boot.test.autoconfigure.web.servlet.MockMvcPrintOnlyOnFailureTestExecutionListener@102bcb63, org.springframework.boot.test.autoconfigure.web.servlet.WebDriverTestExecutionListener@54a1a578, org.springframework.boot.test.mock.mockito.ResetMocksTestExecutionListener@4325f532]
2019-06-20 13:45:30,527 [Test worker] INFO  [org.fisco.bcos.Web3jApiTest] Web3jApiTest.java:20 - blockNumber is 90
]]></system-out>
  <system-err><![CDATA[]]></system-err>
</testsuite>
