<?xml version="1.0" encoding="UTF-8"?>
<testsuite name="org.fisco.bcos.ContractTest" tests="1" skipped="0" failures="0" errors="0" timestamp="2019-06-20T05:45:28" hostname="pc-HP-EliteOne-800-G2-23-in-Non-Touch-AiO" time="1.923">
  <properties/>
  <testcase name="deployAndCallHelloWorld" classname="org.fisco.bcos.ContractTest" time="1.923"/>
  <system-out><![CDATA[2019-06-20 13:45:28,586 [Test worker] INFO  [o.s.b.t.context.SpringBootTestContextBootstrapper] AbstractTestContextBootstrapper.java:308 - Neither @ContextConfiguration nor @ContextHierarchy found for test class [org.fisco.bcos.ContractTest], using SpringBootContextLoader
2019-06-20 13:45:28,587 [Test worker] INFO  [o.s.test.context.support.AbstractContextLoader] AbstractContextLoader.java:264 - Could not detect default resource locations for test class [org.fisco.bcos.ContractTest]: no resource found for suffixes {-context.xml, Context.groovy}.
2019-06-20 13:45:28,591 [Test worker] INFO  [o.s.b.t.context.SpringBootTestContextBootstrapper] AbstractTestContextBootstrapper.java:248 - Loaded default TestExecutionListener class names from location [META-INF/spring.factories]: [org.springframework.boot.test.autoconfigure.restdocs.RestDocsTestExecutionListener, org.springframework.boot.test.autoconfigure.web.client.MockRestServiceServerResetTestExecutionListener, org.springframework.boot.test.autoconfigure.web.servlet.MockMvcPrintOnlyOnFailureTestExecutionListener, org.springframework.boot.test.autoconfigure.web.servlet.WebDriverTestExecutionListener, org.springframework.boot.test.mock.mockito.MockitoTestExecutionListener, org.springframework.boot.test.mock.mockito.ResetMocksTestExecutionListener, org.springframework.test.context.web.ServletTestExecutionListener, org.springframework.test.context.support.DirtiesContextBeforeModesTestExecutionListener, org.springframework.test.context.support.DependencyInjectionTestExecutionListener, org.springframework.test.context.support.DirtiesContextTestExecutionListener, org.springframework.test.context.transaction.TransactionalTestExecutionListener, org.springframework.test.context.jdbc.SqlScriptsTestExecutionListener]
2019-06-20 13:45:28,592 [Test worker] INFO  [o.s.b.t.context.SpringBootTestContextBootstrapper] AbstractTestContextBootstrapper.java:177 - Using TestExecutionListeners: [org.springframework.test.context.support.DirtiesContextBeforeModesTestExecutionListener@d55fdb0, org.springframework.boot.test.mock.mockito.MockitoTestExecutionListener@22ec3b2c, org.springframework.boot.test.autoconfigure.SpringBootDependencyInjectionTestExecutionListener@64b8ac2, org.springframework.test.context.support.DirtiesContextTestExecutionListener@20c985ed, org.springframework.test.context.transaction.TransactionalTestExecutionListener@2534439, org.springframework.test.context.jdbc.SqlScriptsTestExecutionListener@41a52a04, org.springframework.boot.test.autoconfigure.restdocs.RestDocsTestExecutionListener@1be2b568, org.springframework.boot.test.autoconfigure.web.client.MockRestServiceServerResetTestExecutionListener@7768ad14, org.springframework.boot.test.autoconfigure.web.servlet.MockMvcPrintOnlyOnFailureTestExecutionListener@6f824d4c, org.springframework.boot.test.autoconfigure.web.servlet.WebDriverTestExecutionListener@79fbfb2, org.springframework.boot.test.mock.mockito.ResetMocksTestExecutionListener@95813dc]
2019-06-20 13:45:28,599 [Test worker] INFO  [org.fisco.bcos.web3j.tx.Contract] Contract.java:104 - ***version***
2019-06-20 13:45:28,601 [Test worker] INFO  [org.fisco.bcos.web3j.tx.Contract] Contract.java:104 - ***version***
2019-06-20 13:45:28,988 [nioEventLoopGroup-2-1] INFO  [org.fisco.bcos.channel.client.Service] Service.java:694 - receive transaction success seq:274d5557488a47fa9ca18507b876f024
2019-06-20 13:45:28,989 [nioEventLoopGroup-2-1] INFO  [org.fisco.bcos.channel.client.Service] Service.java:718 - callback is null
HelloWorld address is: 0x4e2e91447f97aae76e8150d7d6af6646b8a810c3
2019-06-20 13:45:30,147 [nioEventLoopGroup-2-2] INFO  [org.fisco.bcos.channel.client.Service] Service.java:218 - response: {"id":10,"jsonrpc":"2.0","result":"0xa1ece66ee796d9db70dded70d3266753d969ffed21312e7ca2e081afdfd4cceb"}

2019-06-20 13:45:30,506 [nioEventLoopGroup-2-2] INFO  [org.fisco.bcos.channel.client.Service] Service.java:694 - receive transaction success seq:651635c54c3744de93a2cc5c54ebbe36
2019-06-20 13:45:30,507 [nioEventLoopGroup-2-2] INFO  [org.fisco.bcos.channel.client.Service] Service.java:697 - found callback transaction callback
Hello, World!
]]></system-out>
  <system-err><![CDATA[]]></system-err>
</testsuite>
